<?xml version="1.0" encoding="UTF-8"?>
<beans:beans xmlns="http://www.springframework.org/schema/mvc"
	xmlns:xsi="http://www.w3.org/2001/XMLSchema-instance" xmlns:beans="http://www.springframework.org/schema/beans"
	xmlns:context="http://www.springframework.org/schema/context" xmlns:tx="http://www.springframework.org/schema/tx"
	xsi:schemaLocation="http://www.springframework.org/schema/mvc http://www.springframework.org/schema/mvc/spring-mvc.xsd
		http://www.springframework.org/schema/beans http://www.springframework.org/schema/beans/spring-beans.xsd
		http://www.springframework.org/schema/context http://www.springframework.org/schema/context/spring-context.xsd
		http://www.springframework.org/schema/tx http://www.springframework.org/schema/tx/spring-tx-4.0.xsd">

	<!-- DispatcherServlet Context: defines this servlet's request-processing 
		infrastructure -->

	<!-- Enables the Spring MVC @Controller programming model -->
	<annotation-driven />

	<!-- Handles HTTP GET requests for /resources/** by efficiently serving 
		up static resources in the ${webappRoot}/resources directory -->
	<resources mapping="/resources/**" location="/resources/" />

	<context:component-scan base-package="com" />

	<beans:bean
		class="org.springframework.web.servlet.view.InternalResourceViewResolver">
		<beans:property name="prefix" value="/WEB-INF/jsp/" />
		<beans:property name="suffix" value=".jsp" />
	</beans:bean>

	<beans:bean id="dataSource" class="org.apache.commons.dbcp.BasicDataSource"
		destroy-method="close">
		<beans:property name="driverClassName" value="com.mysql.jdbc.Driver" />
		<beans:property name="url"
			value="jdbc:mysql://localhost:3306/crossover" />
		<beans:property name="username" value="crossover_user" />
		<beans:property name="password" value="crossover_password" />
	</beans:bean>

	<beans:bean id="hibernate4AnnotatedSessionFactory"
		class="org.springframework.orm.hibernate4.LocalSessionFactoryBean">
		<beans:property name="dataSource" ref="dataSource" />
		 
		<beans:property name="annotatedClasses">
			<beans:list>
				<beans:value>com.model.User</beans:value>
				<beans:value>com.model.UserOrder</beans:value>
			</beans:list>
		</beans:property>
		 
		<beans:property name="hibernateProperties">
			<beans:props>
				<beans:prop key="hibernate.dialect">org.hibernate.dialect.MySQLDialect
				</beans:prop>
				<beans:prop key="hibernate.show_sql">true</beans:prop>
				<beans:prop key="format_sql">true</beans:prop>
				<beans:prop key="hbm2ddl.auto">update</beans:prop>
			</beans:props>
		</beans:property>
	</beans:bean>

	<beans:bean id="userDao" class="com.daoimpl.UserDaoImpl">
		<beans:property name="sessionFactory" ref="hibernate4AnnotatedSessionFactory" />
	</beans:bean>

	<beans:bean id="userService" class="com.servicesimpl.UserServiceImpl">
		<beans:property name="userDao" ref="userDao"></beans:property>
	</beans:bean>

	<beans:bean id="airlineDao" class="com.daoimpl.AirlineDaoImpl">
	</beans:bean>

	<beans:bean id="airlineService" class="com.servicesimpl.AirlineServiceImpl">
		<beans:property name="airlineDao" ref="airlineDao"></beans:property>
	</beans:bean>

	<beans:bean id="emailPdfDao" class="com.daoimpl.EmailPdfDaoImpl">
	</beans:bean>

	<beans:bean id="emailPdfService" class="com.servicesimpl.EmailPdfServiceImpl">
		<beans:property name="emailPdfDao" ref="emailPdfDao"></beans:property>
	</beans:bean>

	<beans:bean id="userValidator" class="com.validators.RegistrationValidator">
		<beans:property name="userService" ref="userService"></beans:property>
	</beans:bean>

	<beans:bean id="loginValidator" class="com.validators.LoginValidator">
		<beans:property name="userService" ref="userService"></beans:property>
	</beans:bean>

	<tx:annotation-driven transaction-manager="transactionManager" />
	<beans:bean id="transactionManager"
		class="org.springframework.orm.hibernate4.HibernateTransactionManager">
		<beans:property name="sessionFactory"
			ref="hibernate4AnnotatedSessionFactory" />
	</beans:bean>
	
	
	 <beans:bean id="mailSender" class="org.springframework.mail.javamail.JavaMailSenderImpl">
        <beans:property name="host" value="smtp.gmail.com" />
        <beans:property name="port" value="587" />
        <beans:property name="username" value="crossover01011970@gmail.com" />
        <beans:property name="password" value="crossover_password" />
        <beans:property name="javaMailProperties">
            <beans:props>
                <beans:prop key="mail.transport.protocol">smtp</beans:prop>
                <beans:prop key="mail.smtp.auth">true</beans:prop>
                <beans:prop key="mail.smtp.starttls.enable">true</beans:prop>
            </beans:props>
        </beans:property>
    </beans:bean>
    
   <beans:bean
        class="org.springframework.web.servlet.handler.SimpleMappingExceptionResolver">
        <beans:property name="exceptionMappings">
            <beans:props>
                <beans:prop key="java.lang.Exception">Error</beans:prop>
            </beans:props>
        </beans:property>
    </beans:bean> 
 
</beans:beans>